<?xml version="1.0" encoding="UTF-8" ?>
<testsuite failures="0" time="0.04" errors="0" skipped="0" tests="2" name="us.kulba.monterey.dao.jpa.EmailRepositoryTest">
  <properties>
    <property name="java.runtime.name" value="Java(TM) SE Runtime Environment"/>
    <property name="sun.boot.library.path" value="/System/Library/Java/JavaVirtualMachines/1.6.0.jdk/Contents/Libraries"/>
    <property name="java.vm.version" value="20.14-b01-445"/>
    <property name="awt.nativeDoubleBuffering" value="true"/>
    <property name="gopherProxySet" value="false"/>
    <property name="mrj.build" value="11M4107"/>
    <property name="java.vm.vendor" value="Apple Inc."/>
    <property name="java.vendor.url" value="http://www.apple.com/"/>
    <property name="path.separator" value=":"/>
    <property name="java.vm.name" value="Java HotSpot(TM) 64-Bit Server VM"/>
    <property name="file.encoding.pkg" value="sun.io"/>
    <property name="user.country" value="US"/>
    <property name="sun.java.launcher" value="SUN_STANDARD"/>
    <property name="sun.os.patch.level" value="unknown"/>
    <property name="java.vm.specification.name" value="Java Virtual Machine Specification"/>
    <property name="user.dir" value="/Users/jkulba/Projects/Monterey/monterey/monterey-data"/>
    <property name="java.runtime.version" value="1.6.0_41-b02-445-11M4107"/>
    <property name="java.awt.graphicsenv" value="apple.awt.CGraphicsEnvironment"/>
    <property name="basedir" value="/Users/jkulba/Projects/Monterey/monterey/monterey-data"/>
    <property name="java.endorsed.dirs" value="/System/Library/Java/JavaVirtualMachines/1.6.0.jdk/Contents/Home/lib/endorsed"/>
    <property name="os.arch" value="x86_64"/>
    <property name="surefire.real.class.path" value="/Users/jkulba/Projects/Monterey/monterey/monterey-data/target/surefire/surefirebooter3276819130324306834.jar"/>
    <property name="java.io.tmpdir" value="/var/folders/ty/6f1w9p_s3q9971cp3jf2n61w0000gn/T/"/>
    <property name="line.separator" value="
"/>
    <property name="java.vm.specification.vendor" value="Sun Microsystems Inc."/>
    <property name="os.name" value="Mac OS X"/>
    <property name="sun.jnu.encoding" value="MacRoman"/>
    <property name="java.library.path" value=".:/Users/jkulba/Library/Java/Extensions:/Library/Java/Extensions:/System/Library/Java/Extensions:/usr/lib/java"/>
    <property name="surefire.test.class.path" value="/Users/jkulba/Projects/Monterey/monterey/monterey-data/target/test-classes:/Users/jkulba/Projects/Monterey/monterey/monterey-data/target/classes:/Users/jkulba/.m2/repository/org/aspectj/aspectjrt/1.6.11/aspectjrt-1.6.11.jar:/Users/jkulba/.m2/repository/org/aspectj/aspectjweaver/1.6.11/aspectjweaver-1.6.11.jar:/Users/jkulba/.m2/repository/commons-lang/commons-lang/2.3/commons-lang-2.3.jar:/Users/jkulba/.m2/repository/org/springframework/spring-aop/3.2.1.RELEASE/spring-aop-3.2.1.RELEASE.jar:/Users/jkulba/.m2/repository/aopalliance/aopalliance/1.0/aopalliance-1.0.jar:/Users/jkulba/.m2/repository/org/springframework/spring-core/3.2.1.RELEASE/spring-core-3.2.1.RELEASE.jar:/Users/jkulba/.m2/repository/commons-logging/commons-logging/1.1.1/commons-logging-1.1.1.jar:/Users/jkulba/.m2/repository/org/springframework/spring-beans/3.2.1.RELEASE/spring-beans-3.2.1.RELEASE.jar:/Users/jkulba/.m2/repository/org/springframework/spring-context/3.2.1.RELEASE/spring-context-3.2.1.RELEASE.jar:/Users/jkulba/.m2/repository/org/springframework/spring-expression/3.2.1.RELEASE/spring-expression-3.2.1.RELEASE.jar:/Users/jkulba/.m2/repository/org/springframework/spring-context-support/3.2.1.RELEASE/spring-context-support-3.2.1.RELEASE.jar:/Users/jkulba/.m2/repository/org/springframework/spring-orm/3.2.1.RELEASE/spring-orm-3.2.1.RELEASE.jar:/Users/jkulba/.m2/repository/postgresql/postgresql/9.1-901.jdbc4/postgresql-9.1-901.jdbc4.jar:/Users/jkulba/.m2/repository/joda-time/joda-time/2.0/joda-time-2.0.jar:/Users/jkulba/.m2/repository/org/springframework/data/spring-data-jpa/1.3.0.RELEASE/spring-data-jpa-1.3.0.RELEASE.jar:/Users/jkulba/.m2/repository/org/springframework/data/spring-data-commons/1.5.0.RELEASE/spring-data-commons-1.5.0.RELEASE.jar:/Users/jkulba/.m2/repository/org/springframework/spring-jdbc/3.2.1.RELEASE/spring-jdbc-3.2.1.RELEASE.jar:/Users/jkulba/.m2/repository/org/springframework/spring-tx/3.2.1.RELEASE/spring-tx-3.2.1.RELEASE.jar:/Users/jkulba/.m2/repository/c3p0/c3p0/0.9.1.2/c3p0-0.9.1.2.jar:/Users/jkulba/.m2/repository/net/sf/ehcache/ehcache/1.2.4/ehcache-1.2.4.jar:/Users/jkulba/.m2/repository/org/hamcrest/hamcrest-all/1.1/hamcrest-all-1.1.jar:/Users/jkulba/.m2/repository/org/hibernate/javax/persistence/hibernate-jpa-2.0-api/1.0.1.Final/hibernate-jpa-2.0-api-1.0.1.Final.jar:/Users/jkulba/.m2/repository/org/hibernate/hibernate-entitymanager/3.6.6.Final/hibernate-entitymanager-3.6.6.Final.jar:/Users/jkulba/.m2/repository/org/hibernate/hibernate-core/3.6.6.Final/hibernate-core-3.6.6.Final.jar:/Users/jkulba/.m2/repository/antlr/antlr/2.7.6/antlr-2.7.6.jar:/Users/jkulba/.m2/repository/commons-collections/commons-collections/3.1/commons-collections-3.1.jar:/Users/jkulba/.m2/repository/dom4j/dom4j/1.6.1/dom4j-1.6.1.jar:/Users/jkulba/.m2/repository/org/hibernate/hibernate-commons-annotations/3.2.0.Final/hibernate-commons-annotations-3.2.0.Final.jar:/Users/jkulba/.m2/repository/javax/transaction/jta/1.1/jta-1.1.jar:/Users/jkulba/.m2/repository/cglib/cglib/2.2/cglib-2.2.jar:/Users/jkulba/.m2/repository/asm/asm/3.1/asm-3.1.jar:/Users/jkulba/.m2/repository/javassist/javassist/3.12.0.GA/javassist-3.12.0.GA.jar:/Users/jkulba/.m2/repository/javax/validation/validation-api/1.0.0.GA/validation-api-1.0.0.GA.jar:/Users/jkulba/.m2/repository/org/hibernate/hibernate-validator/4.2.0.Final/hibernate-validator-4.2.0.Final.jar:/Users/jkulba/.m2/repository/org/codehaus/jackson/jackson-core-asl/1.9.6/jackson-core-asl-1.9.6.jar:/Users/jkulba/.m2/repository/org/codehaus/jackson/jackson-mapper-asl/1.9.6/jackson-mapper-asl-1.9.6.jar:/Users/jkulba/.m2/repository/junit/junit/4.8.1/junit-4.8.1.jar:/Users/jkulba/.m2/repository/org/springframework/spring-test/3.2.1.RELEASE/spring-test-3.2.1.RELEASE.jar:/Users/jkulba/.m2/repository/org/slf4j/slf4j-api/1.6.6/slf4j-api-1.6.6.jar:/Users/jkulba/.m2/repository/org/slf4j/jcl-over-slf4j/1.6.6/jcl-over-slf4j-1.6.6.jar:/Users/jkulba/.m2/repository/ch/qos/logback/logback-classic/1.0.6/logback-classic-1.0.6.jar:/Users/jkulba/.m2/repository/ch/qos/logback/logback-core/1.0.6/logback-core-1.0.6.jar:/Users/jkulba/.m2/repository/ch/qos/logback/logback-access/1.0.6/logback-access-1.0.6.jar:"/>
    <property name="java.specification.name" value="Java Platform API Specification"/>
    <property name="java.class.version" value="50.0"/>
    <property name="sun.management.compiler" value="HotSpot 64-Bit Tiered Compilers"/>
    <property name="os.version" value="10.8.2"/>
    <property name="http.nonProxyHosts" value="local|*.local|169.254/16|*.169.254/16"/>
    <property name="user.home" value="/Users/jkulba"/>
    <property name="user.timezone" value="America/Los_Angeles"/>
    <property name="java.awt.printerjob" value="apple.awt.CPrinterJob"/>
    <property name="java.specification.version" value="1.6"/>
    <property name="file.encoding" value="MacRoman"/>
    <property name="user.name" value="jkulba"/>
    <property name="java.class.path" value="/Users/jkulba/Projects/Monterey/monterey/monterey-data/target/test-classes:/Users/jkulba/Projects/Monterey/monterey/monterey-data/target/classes:/Users/jkulba/.m2/repository/org/aspectj/aspectjrt/1.6.11/aspectjrt-1.6.11.jar:/Users/jkulba/.m2/repository/org/aspectj/aspectjweaver/1.6.11/aspectjweaver-1.6.11.jar:/Users/jkulba/.m2/repository/commons-lang/commons-lang/2.3/commons-lang-2.3.jar:/Users/jkulba/.m2/repository/org/springframework/spring-aop/3.2.1.RELEASE/spring-aop-3.2.1.RELEASE.jar:/Users/jkulba/.m2/repository/aopalliance/aopalliance/1.0/aopalliance-1.0.jar:/Users/jkulba/.m2/repository/org/springframework/spring-core/3.2.1.RELEASE/spring-core-3.2.1.RELEASE.jar:/Users/jkulba/.m2/repository/commons-logging/commons-logging/1.1.1/commons-logging-1.1.1.jar:/Users/jkulba/.m2/repository/org/springframework/spring-beans/3.2.1.RELEASE/spring-beans-3.2.1.RELEASE.jar:/Users/jkulba/.m2/repository/org/springframework/spring-context/3.2.1.RELEASE/spring-context-3.2.1.RELEASE.jar:/Users/jkulba/.m2/repository/org/springframework/spring-expression/3.2.1.RELEASE/spring-expression-3.2.1.RELEASE.jar:/Users/jkulba/.m2/repository/org/springframework/spring-context-support/3.2.1.RELEASE/spring-context-support-3.2.1.RELEASE.jar:/Users/jkulba/.m2/repository/org/springframework/spring-orm/3.2.1.RELEASE/spring-orm-3.2.1.RELEASE.jar:/Users/jkulba/.m2/repository/postgresql/postgresql/9.1-901.jdbc4/postgresql-9.1-901.jdbc4.jar:/Users/jkulba/.m2/repository/joda-time/joda-time/2.0/joda-time-2.0.jar:/Users/jkulba/.m2/repository/org/springframework/data/spring-data-jpa/1.3.0.RELEASE/spring-data-jpa-1.3.0.RELEASE.jar:/Users/jkulba/.m2/repository/org/springframework/data/spring-data-commons/1.5.0.RELEASE/spring-data-commons-1.5.0.RELEASE.jar:/Users/jkulba/.m2/repository/org/springframework/spring-jdbc/3.2.1.RELEASE/spring-jdbc-3.2.1.RELEASE.jar:/Users/jkulba/.m2/repository/org/springframework/spring-tx/3.2.1.RELEASE/spring-tx-3.2.1.RELEASE.jar:/Users/jkulba/.m2/repository/c3p0/c3p0/0.9.1.2/c3p0-0.9.1.2.jar:/Users/jkulba/.m2/repository/net/sf/ehcache/ehcache/1.2.4/ehcache-1.2.4.jar:/Users/jkulba/.m2/repository/org/hamcrest/hamcrest-all/1.1/hamcrest-all-1.1.jar:/Users/jkulba/.m2/repository/org/hibernate/javax/persistence/hibernate-jpa-2.0-api/1.0.1.Final/hibernate-jpa-2.0-api-1.0.1.Final.jar:/Users/jkulba/.m2/repository/org/hibernate/hibernate-entitymanager/3.6.6.Final/hibernate-entitymanager-3.6.6.Final.jar:/Users/jkulba/.m2/repository/org/hibernate/hibernate-core/3.6.6.Final/hibernate-core-3.6.6.Final.jar:/Users/jkulba/.m2/repository/antlr/antlr/2.7.6/antlr-2.7.6.jar:/Users/jkulba/.m2/repository/commons-collections/commons-collections/3.1/commons-collections-3.1.jar:/Users/jkulba/.m2/repository/dom4j/dom4j/1.6.1/dom4j-1.6.1.jar:/Users/jkulba/.m2/repository/org/hibernate/hibernate-commons-annotations/3.2.0.Final/hibernate-commons-annotations-3.2.0.Final.jar:/Users/jkulba/.m2/repository/javax/transaction/jta/1.1/jta-1.1.jar:/Users/jkulba/.m2/repository/cglib/cglib/2.2/cglib-2.2.jar:/Users/jkulba/.m2/repository/asm/asm/3.1/asm-3.1.jar:/Users/jkulba/.m2/repository/javassist/javassist/3.12.0.GA/javassist-3.12.0.GA.jar:/Users/jkulba/.m2/repository/javax/validation/validation-api/1.0.0.GA/validation-api-1.0.0.GA.jar:/Users/jkulba/.m2/repository/org/hibernate/hibernate-validator/4.2.0.Final/hibernate-validator-4.2.0.Final.jar:/Users/jkulba/.m2/repository/org/codehaus/jackson/jackson-core-asl/1.9.6/jackson-core-asl-1.9.6.jar:/Users/jkulba/.m2/repository/org/codehaus/jackson/jackson-mapper-asl/1.9.6/jackson-mapper-asl-1.9.6.jar:/Users/jkulba/.m2/repository/junit/junit/4.8.1/junit-4.8.1.jar:/Users/jkulba/.m2/repository/org/springframework/spring-test/3.2.1.RELEASE/spring-test-3.2.1.RELEASE.jar:/Users/jkulba/.m2/repository/org/slf4j/slf4j-api/1.6.6/slf4j-api-1.6.6.jar:/Users/jkulba/.m2/repository/org/slf4j/jcl-over-slf4j/1.6.6/jcl-over-slf4j-1.6.6.jar:/Users/jkulba/.m2/repository/ch/qos/logback/logback-classic/1.0.6/logback-classic-1.0.6.jar:/Users/jkulba/.m2/repository/ch/qos/logback/logback-core/1.0.6/logback-core-1.0.6.jar:/Users/jkulba/.m2/repository/ch/qos/logback/logback-access/1.0.6/logback-access-1.0.6.jar:"/>
    <property name="java.vm.specification.version" value="1.0"/>
    <property name="sun.arch.data.model" value="64"/>
    <property name="java.home" value="/System/Library/Java/JavaVirtualMachines/1.6.0.jdk/Contents/Home"/>
    <property name="sun.java.command" value="/Users/jkulba/Projects/Monterey/monterey/monterey-data/target/surefire/surefirebooter3276819130324306834.jar /Users/jkulba/Projects/Monterey/monterey/monterey-data/target/surefire/surefire5068819762022675241tmp /Users/jkulba/Projects/Monterey/monterey/monterey-data/target/surefire/surefire166232232033605878tmp"/>
    <property name="java.specification.vendor" value="Sun Microsystems Inc."/>
    <property name="user.language" value="en"/>
    <property name="awt.toolkit" value="apple.awt.CToolkit"/>
    <property name="java.vm.info" value="mixed mode"/>
    <property name="java.version" value="1.6.0_41"/>
    <property name="java.ext.dirs" value="/Users/jkulba/Library/Java/Extensions:/Library/Java/Extensions:/System/Library/Java/Extensions:/System/Library/Java/JavaVirtualMachines/1.6.0.jdk/Contents/Home/lib/ext"/>
    <property name="sun.boot.class.path" value="/System/Library/Java/JavaVirtualMachines/1.6.0.jdk/Contents/Classes/jsfd.jar:/System/Library/Java/JavaVirtualMachines/1.6.0.jdk/Contents/Classes/classes.jar:/System/Library/Frameworks/JavaVM.framework/Frameworks/JavaRuntimeSupport.framework/Resources/Java/JavaRuntimeSupport.jar:/System/Library/Java/JavaVirtualMachines/1.6.0.jdk/Contents/Classes/ui.jar:/System/Library/Java/JavaVirtualMachines/1.6.0.jdk/Contents/Classes/laf.jar:/System/Library/Java/JavaVirtualMachines/1.6.0.jdk/Contents/Classes/sunrsasign.jar:/System/Library/Java/JavaVirtualMachines/1.6.0.jdk/Contents/Classes/jsse.jar:/System/Library/Java/JavaVirtualMachines/1.6.0.jdk/Contents/Classes/jce.jar:/System/Library/Java/JavaVirtualMachines/1.6.0.jdk/Contents/Classes/charsets.jar"/>
    <property name="java.vendor" value="Apple Inc."/>
    <property name="localRepository" value="/Users/jkulba/.m2/repository"/>
    <property name="file.separator" value="/"/>
    <property name="java.vendor.url.bug" value="http://bugreport.apple.com/"/>
    <property name="sun.cpu.endian" value="little"/>
    <property name="sun.io.unicode.encoding" value="UnicodeLittle"/>
    <property name="mrj.version" value="1070.1.6.0_41-445"/>
    <property name="socksNonProxyHosts" value="local|*.local|169.254/16|*.169.254/16"/>
    <property name="ftp.nonProxyHosts" value="local|*.local|169.254/16|*.169.254/16"/>
    <property name="sun.cpu.isalist" value=""/>
  </properties>
  <testcase time="0.015" classname="us.kulba.monterey.dao.jpa.EmailRepositoryTest" name="sayHello"/>
  <testcase time="0.023" classname="us.kulba.monterey.dao.jpa.EmailRepositoryTest" name="saveEmail"/>
</testsuite>